[ 33%] Built target camera_tis_node
[ 50%] [32m[1mLinking CXX shared library libcamera_tis.so[0m
[100%] Built target camera_tis
-- Install configuration: ""
-- Installing: /home/yj/camera_tis/install/camera_tis/lib/camera_tis/camera_tis_node
-- Set runtime path of "/home/yj/camera_tis/install/camera_tis/lib/camera_tis/camera_tis_node" to ""
-- Installing: /home/yj/camera_tis/install/camera_tis/lib/libcamera_tis.so
-- Set runtime path of "/home/yj/camera_tis/install/camera_tis/lib/libcamera_tis.so" to ""
-- Installing: /home/yj/camera_tis/install/camera_tis/include
-- Installing: /home/yj/camera_tis/install/camera_tis/include/fileout
-- Installing: /home/yj/camera_tis/install/camera_tis/include/fileout/E2camData.h
-- Installing: /home/yj/camera_tis/install/camera_tis/include/fileout/tistdtypes.h
-- Installing: /home/yj/camera_tis/install/camera_tis/include/fileout/FileOut.h
-- Installing: /home/yj/camera_tis/install/camera_tis/include/camera_tis
-- Installing: /home/yj/camera_tis/install/camera_tis/include/camera_tis/camera_tis.hpp
-- Installing: /home/yj/camera_tis/install/camera_tis/share/camera_tis/launch
-- Installing: /home/yj/camera_tis/install/camera_tis/share/camera_tis/launch/main.launch.py
-- Installing: /home/yj/camera_tis/install/camera_tis/share/camera_tis/config
-- Installing: /home/yj/camera_tis/install/camera_tis/share/camera_tis/config/params.yaml
-- Installing: /home/yj/camera_tis/install/camera_tis/share/camera_tis/environment/library_path.sh
-- Installing: /home/yj/camera_tis/install/camera_tis/share/camera_tis/environment/library_path.dsv
-- Installing: /home/yj/camera_tis/install/camera_tis/share/ament_index/resource_index/package_run_dependencies/camera_tis
-- Installing: /home/yj/camera_tis/install/camera_tis/share/ament_index/resource_index/parent_prefix_path/camera_tis
-- Installing: /home/yj/camera_tis/install/camera_tis/share/camera_tis/environment/ament_prefix_path.sh
-- Installing: /home/yj/camera_tis/install/camera_tis/share/camera_tis/environment/ament_prefix_path.dsv
-- Installing: /home/yj/camera_tis/install/camera_tis/share/camera_tis/environment/path.sh
-- Installing: /home/yj/camera_tis/install/camera_tis/share/camera_tis/environment/path.dsv
-- Installing: /home/yj/camera_tis/install/camera_tis/share/camera_tis/local_setup.bash
-- Installing: /home/yj/camera_tis/install/camera_tis/share/camera_tis/local_setup.sh
-- Installing: /home/yj/camera_tis/install/camera_tis/share/camera_tis/local_setup.zsh
-- Installing: /home/yj/camera_tis/install/camera_tis/share/camera_tis/local_setup.dsv
-- Installing: /home/yj/camera_tis/install/camera_tis/share/camera_tis/package.dsv
-- Installing: /home/yj/camera_tis/install/camera_tis/share/ament_index/resource_index/packages/camera_tis
-- Installing: /home/yj/camera_tis/install/camera_tis/share/ament_index/resource_index/rclcpp_components/camera_tis
-- Installing: /home/yj/camera_tis/install/camera_tis/share/camera_tis/cmake/export_camera_tisExport.cmake
-- Installing: /home/yj/camera_tis/install/camera_tis/share/camera_tis/cmake/export_camera_tisExport-noconfig.cmake
-- Installing: /home/yj/camera_tis/install/camera_tis/share/camera_tis/cmake/ament_cmake_export_targets-extras.cmake
-- Installing: /home/yj/camera_tis/install/camera_tis/share/camera_tis/cmake/camera_tisConfig.cmake
-- Installing: /home/yj/camera_tis/install/camera_tis/share/camera_tis/cmake/camera_tisConfig-version.cmake
-- Installing: /home/yj/camera_tis/install/camera_tis/share/camera_tis/package.xml
