[0.287s] DEBUG:colcon:Command line arguments: ['/usr/bin/colcon', 'build']
[0.287s] DEBUG:colcon:Parsed command line arguments: Namespace(allow_overriding=[], ament_cmake_args=None, base_paths=['.'], build_base='build', catkin_cmake_args=None, catkin_skip_building_tests=False, cmake_args=None, cmake_clean_cache=False, cmake_clean_first=False, cmake_force_configure=False, cmake_target=None, cmake_target_skip_unavailable=False, continue_on_error=False, event_handlers=None, executor='parallel', ignore_user_meta=False, install_base='install', log_base=None, log_level=None, main=<bound method BuildVerb.main of <colcon_core.verb.build.BuildVerb object at 0x7fee51e5f7f0>>, merge_install=False, metas=['./colcon.meta'], packages_above=None, packages_above_and_dependencies=None, packages_above_depth=None, packages_end=None, packages_ignore=None, packages_ignore_regex=None, packages_select=None, packages_select_build_failed=False, packages_select_by_dep=None, packages_select_regex=None, packages_select_test_failures=False, packages_skip=None, packages_skip_build_finished=False, packages_skip_by_dep=None, packages_skip_regex=None, packages_skip_test_passed=False, packages_skip_up_to=None, packages_start=None, packages_up_to=None, packages_up_to_regex=None, parallel_workers=16, paths=None, symlink_install=False, test_result_base=None, verb_extension=<colcon_core.verb.build.BuildVerb object at 0x7fee51e5f7f0>, verb_name='build', verb_parser=<colcon_defaults.argument_parser.defaults.DefaultArgumentsDecorator object at 0x7fee51e5fd60>)
[0.315s] Level 1:colcon.colcon_core.package_discovery:discover_packages(colcon_meta) check parameters
[0.315s] Level 1:colcon.colcon_core.package_discovery:discover_packages(recursive) check parameters
[0.315s] Level 1:colcon.colcon_core.package_discovery:discover_packages(ignore) check parameters
[0.315s] Level 1:colcon.colcon_core.package_discovery:discover_packages(path) check parameters
[0.315s] Level 1:colcon.colcon_core.package_discovery:discover_packages(colcon_meta) discover
[0.315s] Level 1:colcon.colcon_core.package_discovery:discover_packages(recursive) discover
[0.315s] INFO:colcon.colcon_core.package_discovery:Crawling recursively for packages in '/home/yj/camera_tis'
[0.316s] Level 1:colcon.colcon_core.package_identification:_identify(.) by extensions ['ignore', 'ignore_ament_install']
[0.316s] Level 1:colcon.colcon_core.package_identification:_identify(.) by extension 'ignore'
[0.316s] Level 1:colcon.colcon_core.package_identification:_identify(.) by extension 'ignore_ament_install'
[0.316s] Level 1:colcon.colcon_core.package_identification:_identify(.) by extensions ['colcon_pkg']
[0.316s] Level 1:colcon.colcon_core.package_identification:_identify(.) by extension 'colcon_pkg'
[0.316s] Level 1:colcon.colcon_core.package_identification:_identify(.) by extensions ['colcon_meta']
[0.316s] Level 1:colcon.colcon_core.package_identification:_identify(.) by extension 'colcon_meta'
[0.316s] Level 1:colcon.colcon_core.package_identification:_identify(.) by extensions ['ros']
[0.316s] Level 1:colcon.colcon_core.package_identification:_identify(.) by extension 'ros'
[0.340s] DEBUG:colcon.colcon_core.package_identification:Package '.' with type 'ros.ament_cmake' and name 'camera_tis'
[0.340s] Level 1:colcon.colcon_core.package_discovery:discover_packages(recursive) using defaults
[0.340s] Level 1:colcon.colcon_core.package_discovery:discover_packages(ignore) discover
[0.340s] Level 1:colcon.colcon_core.package_discovery:discover_packages(ignore) using defaults
[0.340s] Level 1:colcon.colcon_core.package_discovery:discover_packages(path) discover
[0.340s] Level 1:colcon.colcon_core.package_discovery:discover_packages(path) using defaults
[0.360s] Level 1:colcon.colcon_core.package_discovery:discover_packages(prefix_path) check parameters
[0.361s] Level 1:colcon.colcon_core.package_discovery:discover_packages(prefix_path) discover
[0.362s] Level 1:colcon.colcon_core.package_discovery:discover_packages(prefix_path) using defaults
[0.363s] Level 5:colcon.colcon_core.verb:set package 'camera_tis' build argument 'cmake_args' from command line to 'None'
[0.364s] Level 5:colcon.colcon_core.verb:set package 'camera_tis' build argument 'cmake_target' from command line to 'None'
[0.364s] Level 5:colcon.colcon_core.verb:set package 'camera_tis' build argument 'cmake_target_skip_unavailable' from command line to 'False'
[0.364s] Level 5:colcon.colcon_core.verb:set package 'camera_tis' build argument 'cmake_clean_cache' from command line to 'False'
[0.364s] Level 5:colcon.colcon_core.verb:set package 'camera_tis' build argument 'cmake_clean_first' from command line to 'False'
[0.364s] Level 5:colcon.colcon_core.verb:set package 'camera_tis' build argument 'cmake_force_configure' from command line to 'False'
[0.364s] Level 5:colcon.colcon_core.verb:set package 'camera_tis' build argument 'ament_cmake_args' from command line to 'None'
[0.364s] Level 5:colcon.colcon_core.verb:set package 'camera_tis' build argument 'catkin_cmake_args' from command line to 'None'
[0.364s] Level 5:colcon.colcon_core.verb:set package 'camera_tis' build argument 'catkin_skip_building_tests' from command line to 'False'
[0.364s] DEBUG:colcon.colcon_core.verb:Building package 'camera_tis' with the following arguments: {'ament_cmake_args': None, 'build_base': '/home/yj/camera_tis/build/camera_tis', 'catkin_cmake_args': None, 'catkin_skip_building_tests': False, 'cmake_args': None, 'cmake_clean_cache': False, 'cmake_clean_first': False, 'cmake_force_configure': False, 'cmake_target': None, 'cmake_target_skip_unavailable': False, 'install_base': '/home/yj/camera_tis/install/camera_tis', 'merge_install': False, 'path': '/home/yj/camera_tis', 'symlink_install': False, 'test_result_base': None}
[0.364s] INFO:colcon.colcon_core.executor:Executing jobs using 'parallel' executor
[0.368s] DEBUG:colcon.colcon_parallel_executor.executor.parallel:run_until_complete
[0.368s] INFO:colcon.colcon_ros.task.ament_cmake.build:Building ROS package in '/home/yj/camera_tis' with build type 'ament_cmake'
[0.368s] INFO:colcon.colcon_cmake.task.cmake.build:Building CMake package in '/home/yj/camera_tis'
[0.374s] INFO:colcon.colcon_core.plugin_system:Skipping extension 'colcon_core.shell.bat': Not used on non-Windows systems
[0.374s] INFO:colcon.colcon_core.shell:Skip shell extension 'powershell' for command environment: Not usable outside of PowerShell
[0.374s] DEBUG:colcon.colcon_core.shell:Skip shell extension 'dsv' for command environment
[0.392s] DEBUG:colcon.colcon_core.event_handler.log_command:Invoking command in '/home/yj/camera_tis/build/camera_tis': /usr/bin/cmake --build /home/yj/camera_tis/build/camera_tis -- -j16 -l16
[7.178s] DEBUG:colcon.colcon_core.event_handler.log_command:Invoked command in '/home/yj/camera_tis/build/camera_tis' returned '2': /usr/bin/cmake --build /home/yj/camera_tis/build/camera_tis -- -j16 -l16
[7.232s] Level 1:colcon.colcon_core.environment:create_environment_scripts_only(camera_tis)
[7.237s] Level 1:colcon.colcon_core.environment:checking '/home/yj/camera_tis/install/camera_tis' for CMake module files
[7.238s] Level 1:colcon.colcon_core.environment:checking '/home/yj/camera_tis/install/camera_tis' for CMake config files
[7.238s] Level 1:colcon.colcon_core.environment:checking '/home/yj/camera_tis/install/camera_tis/bin'
[7.238s] Level 1:colcon.colcon_core.environment:checking '/home/yj/camera_tis/install/camera_tis/lib/pkgconfig/camera_tis.pc'
[7.239s] Level 1:colcon.colcon_core.environment:checking '/home/yj/camera_tis/install/camera_tis/lib/python3.8/site-packages'
[7.239s] Level 1:colcon.colcon_core.environment:checking '/home/yj/camera_tis/install/camera_tis/bin'
[7.241s] INFO:colcon.colcon_core.shell:Creating package script '/home/yj/camera_tis/install/camera_tis/share/camera_tis/package.ps1'
[7.242s] INFO:colcon.colcon_core.shell:Creating package descriptor '/home/yj/camera_tis/install/camera_tis/share/camera_tis/package.dsv'
[7.243s] INFO:colcon.colcon_core.shell:Creating package script '/home/yj/camera_tis/install/camera_tis/share/camera_tis/package.sh'
[7.243s] INFO:colcon.colcon_core.shell:Creating package script '/home/yj/camera_tis/install/camera_tis/share/camera_tis/package.bash'
[7.244s] INFO:colcon.colcon_core.shell:Creating package script '/home/yj/camera_tis/install/camera_tis/share/camera_tis/package.zsh'
[7.245s] Level 1:colcon.colcon_core.environment:create_file_with_runtime_dependencies(/home/yj/camera_tis/install/camera_tis/share/colcon-core/packages/camera_tis)
[7.256s] DEBUG:colcon.colcon_parallel_executor.executor.parallel:closing loop
[7.257s] DEBUG:colcon.colcon_parallel_executor.executor.parallel:loop closed
[7.257s] DEBUG:colcon.colcon_parallel_executor.executor.parallel:run_until_complete finished with '2'
[7.257s] DEBUG:colcon.colcon_core.event_reactor:joining thread
[7.263s] INFO:colcon.colcon_core.plugin_system:Skipping extension 'colcon_notification.desktop_notification.terminal_notifier': Not used on non-Darwin systems
[7.263s] INFO:colcon.colcon_core.plugin_system:Skipping extension 'colcon_notification.desktop_notification.win32': Not used on non-Windows systems
[7.263s] INFO:colcon.colcon_notification.desktop_notification:Sending desktop notification using 'notify2'
[7.296s] DEBUG:colcon.colcon_core.event_reactor:joined thread
[7.298s] INFO:colcon.colcon_core.shell:Creating prefix script '/home/yj/camera_tis/install/local_setup.ps1'
[7.299s] INFO:colcon.colcon_core.shell:Creating prefix util module '/home/yj/camera_tis/install/_local_setup_util_ps1.py'
[7.300s] INFO:colcon.colcon_core.shell:Creating prefix chain script '/home/yj/camera_tis/install/setup.ps1'
[7.302s] INFO:colcon.colcon_core.shell:Creating prefix script '/home/yj/camera_tis/install/local_setup.sh'
[7.303s] INFO:colcon.colcon_core.shell:Creating prefix util module '/home/yj/camera_tis/install/_local_setup_util_sh.py'
[7.304s] INFO:colcon.colcon_core.shell:Creating prefix chain script '/home/yj/camera_tis/install/setup.sh'
[7.305s] INFO:colcon.colcon_core.shell:Creating prefix script '/home/yj/camera_tis/install/local_setup.bash'
[7.306s] INFO:colcon.colcon_core.shell:Creating prefix chain script '/home/yj/camera_tis/install/setup.bash'
[7.307s] INFO:colcon.colcon_core.shell:Creating prefix script '/home/yj/camera_tis/install/local_setup.zsh'
[7.308s] INFO:colcon.colcon_core.shell:Creating prefix chain script '/home/yj/camera_tis/install/setup.zsh'
