[0.032s] Invoking command in '/home/firefly/test_mysunny/src/camera_tis/build/camera_tis': CMAKE_PREFIX_PATH=/opt/ros/galactic /usr/bin/cmake /home/firefly/test_mysunny/src/camera_tis -DCMAKE_INSTALL_PREFIX=/home/firefly/test_mysunny/src/camera_tis/install/camera_tis
[0.081s] -- Found ament_cmake: 1.1.6 (/opt/ros/galactic/share/ament_cmake/cmake)
[0.169s] -- Using PYTHON_EXECUTABLE: /usr/bin/python3
[0.355s] -- Found rclcpp: 9.2.2 (/opt/ros/galactic/share/rclcpp/cmake)
[0.453s] -- Using all available rosidl_typesupport_c: rosidl_typesupport_fastrtps_c;rosidl_typesupport_introspection_c
[0.458s] -- Found rosidl_adapter: 2.2.3 (/opt/ros/galactic/share/rosidl_adapter/cmake)
[0.844s] -- Using all available rosidl_typesupport_cpp: rosidl_typesupport_fastrtps_cpp;rosidl_typesupport_introspection_cpp
[0.917s] -- Found rmw_implementation_cmake: 3.3.1 (/opt/ros/galactic/share/rmw_implementation_cmake/cmake)
[0.919s] -- Found rmw_cyclonedds_cpp: 0.22.6 (/opt/ros/galactic/share/rmw_cyclonedds_cpp/cmake)
[0.944s] -- Using RMW implementation 'rmw_cyclonedds_cpp' as default
[1.143s] -- Found rclcpp_components: 9.2.2 (/opt/ros/galactic/share/rclcpp_components/cmake)
[1.216s] -- Found sensor_msgs: 2.2.4 (/opt/ros/galactic/share/sensor_msgs/cmake)
[1.403s] -- Checking for modules 'gstreamer-1.0;gstreamer-video-1.0;libmodbus'
[1.417s] --   Package 'libunwind', required by 'gstreamer-1.0', not found
[1.430s] --   No package 'gstreamer-video-1.0' found
[1.443s] CMake Error at /usr/share/cmake-3.16/Modules/FindPkgConfig.cmake:463 (message):
[1.444s]   A required package was not found
[1.444s] Call Stack (most recent call first):
[1.444s]   /usr/share/cmake-3.16/Modules/FindPkgConfig.cmake:643 (_pkg_check_modules_internal)
[1.445s]   CMakeLists.txt:26 (pkg_check_modules)
[1.445s] 
[1.446s] 
[1.448s] -- Configuring incomplete, errors occurred!
[1.448s] See also "/home/firefly/test_mysunny/src/camera_tis/build/camera_tis/CMakeFiles/CMakeOutput.log".
[1.449s] See also "/home/firefly/test_mysunny/src/camera_tis/build/camera_tis/CMakeFiles/CMakeError.log".
[1.473s] Invoked command in '/home/firefly/test_mysunny/src/camera_tis/build/camera_tis' returned '1': CMAKE_PREFIX_PATH=/opt/ros/galactic /usr/bin/cmake /home/firefly/test_mysunny/src/camera_tis -DCMAKE_INSTALL_PREFIX=/home/firefly/test_mysunny/src/camera_tis/install/camera_tis
