[ 33%] Built target camera_tis_node
[100%] Built target camera_tis
-- Install configuration: ""
-- Up-to-date: /home/yj/camera_tis/install/camera_tis/lib/camera_tis/camera_tis_node
-- Up-to-date: /home/yj/camera_tis/install/camera_tis/lib/libcamera_tis.so
-- Up-to-date: /home/yj/camera_tis/install/camera_tis/include
-- Up-to-date: /home/yj/camera_tis/install/camera_tis/include/fileout
-- Up-to-date: /home/yj/camera_tis/install/camera_tis/include/fileout/E2camData.h
-- Up-to-date: /home/yj/camera_tis/install/camera_tis/include/fileout/tistdtypes.h
-- Up-to-date: /home/yj/camera_tis/install/camera_tis/include/fileout/FileOut.h
-- Up-to-date: /home/yj/camera_tis/install/camera_tis/include/camera_tis
-- Up-to-date: /home/yj/camera_tis/install/camera_tis/include/camera_tis/camera_tis.hpp
-- Up-to-date: /home/yj/camera_tis/install/camera_tis/share/camera_tis/launch
-- Up-to-date: /home/yj/camera_tis/install/camera_tis/share/camera_tis/launch/main.launch.py
-- Up-to-date: /home/yj/camera_tis/install/camera_tis/share/camera_tis/config
-- Up-to-date: /home/yj/camera_tis/install/camera_tis/share/camera_tis/config/params.yaml
-- Up-to-date: /home/yj/camera_tis/install/camera_tis/share/camera_tis/environment/library_path.sh
-- Up-to-date: /home/yj/camera_tis/install/camera_tis/share/camera_tis/environment/library_path.dsv
-- Up-to-date: /home/yj/camera_tis/install/camera_tis/share/ament_index/resource_index/package_run_dependencies/camera_tis
-- Up-to-date: /home/yj/camera_tis/install/camera_tis/share/ament_index/resource_index/parent_prefix_path/camera_tis
-- Up-to-date: /home/yj/camera_tis/install/camera_tis/share/camera_tis/environment/ament_prefix_path.sh
-- Up-to-date: /home/yj/camera_tis/install/camera_tis/share/camera_tis/environment/ament_prefix_path.dsv
-- Up-to-date: /home/yj/camera_tis/install/camera_tis/share/camera_tis/environment/path.sh
-- Up-to-date: /home/yj/camera_tis/install/camera_tis/share/camera_tis/environment/path.dsv
-- Up-to-date: /home/yj/camera_tis/install/camera_tis/share/camera_tis/local_setup.bash
-- Up-to-date: /home/yj/camera_tis/install/camera_tis/share/camera_tis/local_setup.sh
-- Up-to-date: /home/yj/camera_tis/install/camera_tis/share/camera_tis/local_setup.zsh
-- Up-to-date: /home/yj/camera_tis/install/camera_tis/share/camera_tis/local_setup.dsv
-- Installing: /home/yj/camera_tis/install/camera_tis/share/camera_tis/package.dsv
-- Up-to-date: /home/yj/camera_tis/install/camera_tis/share/ament_index/resource_index/packages/camera_tis
-- Up-to-date: /home/yj/camera_tis/install/camera_tis/share/ament_index/resource_index/rclcpp_components/camera_tis
-- Up-to-date: /home/yj/camera_tis/install/camera_tis/share/camera_tis/cmake/export_camera_tisExport.cmake
-- Up-to-date: /home/yj/camera_tis/install/camera_tis/share/camera_tis/cmake/export_camera_tisExport-noconfig.cmake
-- Up-to-date: /home/yj/camera_tis/install/camera_tis/share/camera_tis/cmake/ament_cmake_export_targets-extras.cmake
-- Up-to-date: /home/yj/camera_tis/install/camera_tis/share/camera_tis/cmake/camera_tisConfig.cmake
-- Up-to-date: /home/yj/camera_tis/install/camera_tis/share/camera_tis/cmake/camera_tisConfig-version.cmake
-- Up-to-date: /home/yj/camera_tis/install/camera_tis/share/camera_tis/package.xml
