[0.046s] Invoking command in '/home/yj/camera_tis/build/camera_tis': /usr/bin/cmake /home/yj/camera_tis -DCMAKE_INSTALL_PREFIX=/home/yj/camera_tis/install/camera_tis
[0.141s] CMake Error at CMakeLists.txt:19 (find_package):
[0.141s]   By not providing "Findament_cmake.cmake" in CMAKE_MODULE_PATH this project
[0.141s]   has asked CMake to find a package configuration file provided by
[0.141s]   "ament_cmake", but CMake did not find one.
[0.141s] 
[0.142s]   Could not find a package configuration file provided by "ament_cmake" with
[0.142s]   any of the following names:
[0.142s] 
[0.142s]     ament_cmakeConfig.cmake
[0.142s]     ament_cmake-config.cmake
[0.143s] 
[0.143s]   Add the installation prefix of "ament_cmake" to CMAKE_PREFIX_PATH or set
[0.143s]   "ament_cmake_DIR" to a directory containing one of the above files.  If
[0.143s]   "ament_cmake" provides a separate development package or SDK, be sure it
[0.143s]   has been installed.
[0.143s] 
[0.143s] 
[0.143s] -- Configuring incomplete, errors occurred!
[0.143s] See also "/home/yj/camera_tis/build/camera_tis/CMakeFiles/CMakeOutput.log".
[0.149s] Invoked command in '/home/yj/camera_tis/build/camera_tis' returned '1': /usr/bin/cmake /home/yj/camera_tis -DCMAKE_INSTALL_PREFIX=/home/yj/camera_tis/install/camera_tis
