[0.032s] Invoking command in '/home/yj/camera_tis/build/camera_tis': CMAKE_PREFIX_PATH=/opt/ros/galactic /usr/bin/cmake /home/yj/camera_tis -DCMAKE_INSTALL_PREFIX=/home/yj/camera_tis/install/camera_tis
[0.061s] -- Found ament_cmake: 1.1.6 (/opt/ros/galactic/share/ament_cmake/cmake)
[0.109s] -- Using PYTHON_EXECUTABLE: /usr/bin/python3
[0.241s] -- Found rclcpp: 9.2.2 (/opt/ros/galactic/share/rclcpp/cmake)
[0.320s] -- Using all available rosidl_typesupport_c: rosidl_typesupport_fastrtps_c;rosidl_typesupport_introspection_c
[0.328s] -- Found rosidl_adapter: 2.2.3 (/opt/ros/galactic/share/rosidl_adapter/cmake)
[0.575s] -- Using all available rosidl_typesupport_cpp: rosidl_typesupport_fastrtps_cpp;rosidl_typesupport_introspection_cpp
[0.686s] -- Found rmw_implementation_cmake: 3.3.1 (/opt/ros/galactic/share/rmw_implementation_cmake/cmake)
[0.690s] -- Found rmw_cyclonedds_cpp: 0.22.6 (/opt/ros/galactic/share/rmw_cyclonedds_cpp/cmake)
[0.730s] -- Using RMW implementation 'rmw_cyclonedds_cpp' as default
[1.029s] -- Found rclcpp_components: 9.2.2 (/opt/ros/galactic/share/rclcpp_components/cmake)
[1.138s] -- Found sensor_msgs: 2.2.4 (/opt/ros/galactic/share/sensor_msgs/cmake)
[1.384s] -- Checking for module 'libmodbus'
[1.420s] --   Found libmodbus, version 3.1.6
[1.519s] -- Found ament_lint_auto: 0.10.7 (/opt/ros/galactic/share/ament_lint_auto/cmake)
[1.671s] -- Added test 'copyright' to check source files copyright and LICENSE
[1.685s] -- Added test 'cppcheck' to perform static code analysis on C / C++ code
[1.685s] -- Configured cppcheck include dirs: $<BUILD_INTERFACE:/home/yj/camera_tis/include>
[1.685s] -- Configured cppcheck exclude dirs and/or files: 
[1.698s] -- Added test 'cpplint' to check C / C++ code against the Google style
[1.698s] -- Configured cpplint exclude dirs and/or files: 
[1.700s] -- Added test 'flake8' to check Python code syntax and style conventions
[1.705s] -- Added test 'lint_cmake' to check CMake code style
[1.707s] -- Added test 'pep257' to check Python code against some of the style conventions in PEP 257
[1.720s] -- Added test 'uncrustify' to check C / C++ code style
[1.720s] -- Configured uncrustify additional arguments: 
[1.722s] -- Added test 'xmllint' to check XML markup files
[1.730s] -- Configuring done
[1.767s] -- Generating done
[1.770s] -- Build files have been written to: /home/yj/camera_tis/build/camera_tis
[1.780s] Invoked command in '/home/yj/camera_tis/build/camera_tis' returned '0': CMAKE_PREFIX_PATH=/opt/ros/galactic /usr/bin/cmake /home/yj/camera_tis -DCMAKE_INSTALL_PREFIX=/home/yj/camera_tis/install/camera_tis
[1.783s] Invoking command in '/home/yj/camera_tis/build/camera_tis': CMAKE_PREFIX_PATH=/opt/ros/galactic /usr/bin/cmake --build /home/yj/camera_tis/build/camera_tis -- -j16 -l16
[1.879s] [35m[1mScanning dependencies of target camera_tis_node[0m
[1.889s] [35m[1mScanning dependencies of target camera_tis[0m
[1.966s] [ 16%] [32mBuilding CXX object CMakeFiles/camera_tis_node.dir/rclcpp_components/node_main_camera_tis_node.cpp.o[0m
[2.001s] [ 33%] [32mBuilding CXX object CMakeFiles/camera_tis.dir/src/camera_tis.cpp.o[0m
[2.003s] [ 50%] [32mBuilding CXX object CMakeFiles/camera_tis.dir/src/FileOut.cpp.o[0m
[2.008s] [ 66%] [32mBuilding CXX object CMakeFiles/camera_tis.dir/src/E2camData.cpp.o[0m
[2.542s] [01m[K/home/yj/camera_tis/src/camera_tis.cpp:26:10:[m[K [01;31m[Kfatal error: [m[Kopencv2/opencv.hpp: No such file or directory
[2.542s]    26 | #include [01;31m[K<opencv2/opencv.hpp>[m[K
[2.542s]       |          [01;31m[K^~~~~~~~~~~~~~~~~~~~[m[K
[2.542s] compilation terminated.
[2.549s] make[2]: *** [CMakeFiles/camera_tis.dir/build.make:63: CMakeFiles/camera_tis.dir/src/camera_tis.cpp.o] Error 1
[2.549s] make[2]: *** Waiting for unfinished jobs....
[2.719s] In file included from [01m[K/home/yj/camera_tis/src/E2camData.cpp:1[m[K:
[2.719s] [01m[K/home/yj/camera_tis/src/E2camData.cpp:[m[K In member function ‘[01m[Kvoid E2proomData::read_para()[m[K’:
[2.719s] [01m[K/home/yj/camera_tis/include/fileout/E2camData.h:13:37:[m[K [01;35m[Kwarning: [m[KISO C++ forbids converting a string constant to ‘[01m[Kchar*[m[K’ [[01;35m[K-Wwrite-strings[m[K]
[2.720s]    13 | #define E2POOM_CAMER_SYSPATH_MOTO   [01;35m[K"./SAVE/E2P_CAMER_DLG.bsd"[m[K
[2.720s]       |                                     [01;35m[K^~~~~~~~~~~~~~~~~~~~~~~~~~[m[K
[2.720s] [01m[K/home/yj/camera_tis/src/E2camData.cpp:66:24:[m[K [01;36m[Knote: [m[Kin expansion of macro ‘[01m[KE2POOM_CAMER_SYSPATH_MOTO[m[K’
[2.720s]    66 |     if(0 > fo.ReadFile([01;36m[KE2POOM_CAMER_SYSPATH_MOTO[m[K,buff,E2POOM_CAMER_SAVEBUFF))
[2.720s]       |                        [01;36m[K^~~~~~~~~~~~~~~~~~~~~~~~~[m[K
[2.720s] [01m[K/home/yj/camera_tis/src/E2camData.cpp:[m[K In member function ‘[01m[Kvoid E2proomData::write_camer_para()[m[K’:
[2.720s] [01m[K/home/yj/camera_tis/include/fileout/E2camData.h:13:37:[m[K [01;35m[Kwarning: [m[KISO C++ forbids converting a string constant to ‘[01m[Kchar*[m[K’ [[01;35m[K-Wwrite-strings[m[K]
[2.720s]    13 | #define E2POOM_CAMER_SYSPATH_MOTO   [01;35m[K"./SAVE/E2P_CAMER_DLG.bsd"[m[K
[2.720s]       |                                     [01;35m[K^~~~~~~~~~~~~~~~~~~~~~~~~~[m[K
[2.721s] [01m[K/home/yj/camera_tis/src/E2camData.cpp:125:18:[m[K [01;36m[Knote: [m[Kin expansion of macro ‘[01m[KE2POOM_CAMER_SYSPATH_MOTO[m[K’
[2.721s]   125 |     fo.WriteFile([01;36m[KE2POOM_CAMER_SYSPATH_MOTO[m[K,buff,E2POOM_CAMER_SAVEBUFF);
[2.721s]       |                  [01;36m[K^~~~~~~~~~~~~~~~~~~~~~~~~[m[K
[2.842s] make[1]: *** [CMakeFiles/Makefile2:107: CMakeFiles/camera_tis.dir/all] Error 2
[2.842s] make[1]: *** Waiting for unfinished jobs....
[7.622s] [ 83%] [32m[1mLinking CXX executable camera_tis_node[0m
[7.897s] [ 83%] Built target camera_tis_node
[7.899s] make: *** [Makefile:141: all] Error 2
[7.904s] Invoked command in '/home/yj/camera_tis/build/camera_tis' returned '2': CMAKE_PREFIX_PATH=/opt/ros/galactic /usr/bin/cmake --build /home/yj/camera_tis/build/camera_tis -- -j16 -l16
