[0.545s] DEBUG:colcon:Command line arguments: ['/usr/bin/colcon', 'build']
[0.546s] DEBUG:colcon:Parsed command line arguments: Namespace(allow_overriding=[], ament_cmake_args=None, base_paths=['.'], build_base='build', catkin_cmake_args=None, catkin_skip_building_tests=False, cmake_args=None, cmake_clean_cache=False, cmake_clean_first=False, cmake_force_configure=False, cmake_target=None, cmake_target_skip_unavailable=False, continue_on_error=False, event_handlers=None, executor='parallel', ignore_user_meta=False, install_base='install', log_base=None, log_level=None, main=<bound method BuildVerb.main of <colcon_core.verb.build.BuildVerb object at 0x7f9a7d6190>>, merge_install=False, metas=['./colcon.meta'], packages_above=None, packages_above_and_dependencies=None, packages_above_depth=None, packages_end=None, packages_ignore=None, packages_ignore_regex=None, packages_select=None, packages_select_build_failed=False, packages_select_by_dep=None, packages_select_regex=None, packages_select_test_failures=False, packages_skip=None, packages_skip_build_finished=False, packages_skip_by_dep=None, packages_skip_regex=None, packages_skip_test_passed=False, packages_skip_up_to=None, packages_start=None, packages_up_to=None, packages_up_to_regex=None, parallel_workers=8, paths=None, symlink_install=False, test_result_base=None, verb_extension=<colcon_core.verb.build.BuildVerb object at 0x7f9a7d6190>, verb_name='build', verb_parser=<colcon_defaults.argument_parser.defaults.DefaultArgumentsDecorator object at 0x7f9a7d66d0>)
[0.587s] Level 1:colcon.colcon_core.package_discovery:discover_packages(colcon_meta) check parameters
[0.587s] Level 1:colcon.colcon_core.package_discovery:discover_packages(recursive) check parameters
[0.587s] Level 1:colcon.colcon_core.package_discovery:discover_packages(ignore) check parameters
[0.587s] Level 1:colcon.colcon_core.package_discovery:discover_packages(path) check parameters
[0.587s] Level 1:colcon.colcon_core.package_discovery:discover_packages(colcon_meta) discover
[0.587s] Level 1:colcon.colcon_core.package_discovery:discover_packages(recursive) discover
[0.587s] INFO:colcon.colcon_core.package_discovery:Crawling recursively for packages in '/home/firefly/test_mysunny/src/camera_tis'
[0.587s] Level 1:colcon.colcon_core.package_identification:_identify(.) by extensions ['ignore', 'ignore_ament_install']
[0.588s] Level 1:colcon.colcon_core.package_identification:_identify(.) by extension 'ignore'
[0.588s] Level 1:colcon.colcon_core.package_identification:_identify(.) by extension 'ignore_ament_install'
[0.588s] Level 1:colcon.colcon_core.package_identification:_identify(.) by extensions ['colcon_pkg']
[0.588s] Level 1:colcon.colcon_core.package_identification:_identify(.) by extension 'colcon_pkg'
[0.588s] Level 1:colcon.colcon_core.package_identification:_identify(.) by extensions ['colcon_meta']
[0.588s] Level 1:colcon.colcon_core.package_identification:_identify(.) by extension 'colcon_meta'
[0.588s] Level 1:colcon.colcon_core.package_identification:_identify(.) by extensions ['ros']
[0.588s] Level 1:colcon.colcon_core.package_identification:_identify(.) by extension 'ros'
[0.645s] DEBUG:colcon.colcon_core.package_identification:Package '.' with type 'ros.ament_cmake' and name 'camera_tis'
[0.645s] Level 1:colcon.colcon_core.package_discovery:discover_packages(recursive) using defaults
[0.646s] Level 1:colcon.colcon_core.package_discovery:discover_packages(ignore) discover
[0.646s] Level 1:colcon.colcon_core.package_discovery:discover_packages(ignore) using defaults
[0.646s] Level 1:colcon.colcon_core.package_discovery:discover_packages(path) discover
[0.646s] Level 1:colcon.colcon_core.package_discovery:discover_packages(path) using defaults
[0.680s] Level 1:colcon.colcon_core.package_discovery:discover_packages(prefix_path) check parameters
[0.680s] Level 1:colcon.colcon_core.package_discovery:discover_packages(prefix_path) discover
[0.685s] DEBUG:colcon.colcon_installed_package_information.package_discovery:Found 261 installed packages in /opt/ros/galactic
[0.688s] Level 1:colcon.colcon_core.package_discovery:discover_packages(prefix_path) using defaults
[0.785s] Level 5:colcon.colcon_core.verb:set package 'camera_tis' build argument 'cmake_args' from command line to 'None'
[0.786s] Level 5:colcon.colcon_core.verb:set package 'camera_tis' build argument 'cmake_target' from command line to 'None'
[0.786s] Level 5:colcon.colcon_core.verb:set package 'camera_tis' build argument 'cmake_target_skip_unavailable' from command line to 'False'
[0.786s] Level 5:colcon.colcon_core.verb:set package 'camera_tis' build argument 'cmake_clean_cache' from command line to 'False'
[0.786s] Level 5:colcon.colcon_core.verb:set package 'camera_tis' build argument 'cmake_clean_first' from command line to 'False'
[0.786s] Level 5:colcon.colcon_core.verb:set package 'camera_tis' build argument 'cmake_force_configure' from command line to 'False'
[0.786s] Level 5:colcon.colcon_core.verb:set package 'camera_tis' build argument 'ament_cmake_args' from command line to 'None'
[0.786s] Level 5:colcon.colcon_core.verb:set package 'camera_tis' build argument 'catkin_cmake_args' from command line to 'None'
[0.786s] Level 5:colcon.colcon_core.verb:set package 'camera_tis' build argument 'catkin_skip_building_tests' from command line to 'False'
[0.786s] DEBUG:colcon.colcon_core.verb:Building package 'camera_tis' with the following arguments: {'ament_cmake_args': None, 'build_base': '/home/firefly/test_mysunny/src/camera_tis/build/camera_tis', 'catkin_cmake_args': None, 'catkin_skip_building_tests': False, 'cmake_args': None, 'cmake_clean_cache': False, 'cmake_clean_first': False, 'cmake_force_configure': False, 'cmake_target': None, 'cmake_target_skip_unavailable': False, 'install_base': '/home/firefly/test_mysunny/src/camera_tis/install/camera_tis', 'merge_install': False, 'path': '/home/firefly/test_mysunny/src/camera_tis', 'symlink_install': False, 'test_result_base': None}
[0.787s] INFO:colcon.colcon_core.executor:Executing jobs using 'parallel' executor
[0.793s] DEBUG:colcon.colcon_parallel_executor.executor.parallel:run_until_complete
[0.793s] INFO:colcon.colcon_ros.task.ament_cmake.build:Building ROS package in '/home/firefly/test_mysunny/src/camera_tis' with build type 'ament_cmake'
[0.793s] INFO:colcon.colcon_cmake.task.cmake.build:Building CMake package in '/home/firefly/test_mysunny/src/camera_tis'
[0.801s] INFO:colcon.colcon_core.plugin_system:Skipping extension 'colcon_core.shell.bat': Not used on non-Windows systems
[0.801s] INFO:colcon.colcon_core.shell:Skip shell extension 'powershell' for command environment: Not usable outside of PowerShell
[0.801s] DEBUG:colcon.colcon_core.shell:Skip shell extension 'dsv' for command environment
[0.824s] DEBUG:colcon.colcon_core.event_handler.log_command:Invoking command in '/home/firefly/test_mysunny/src/camera_tis/build/camera_tis': CMAKE_PREFIX_PATH=/opt/ros/galactic /usr/bin/cmake /home/firefly/test_mysunny/src/camera_tis -DCMAKE_INSTALL_PREFIX=/home/firefly/test_mysunny/src/camera_tis/install/camera_tis
[2.885s] DEBUG:colcon.colcon_core.event_handler.log_command:Invoked command in '/home/firefly/test_mysunny/src/camera_tis/build/camera_tis' returned '0': CMAKE_PREFIX_PATH=/opt/ros/galactic /usr/bin/cmake /home/firefly/test_mysunny/src/camera_tis -DCMAKE_INSTALL_PREFIX=/home/firefly/test_mysunny/src/camera_tis/install/camera_tis
[2.897s] DEBUG:colcon.colcon_core.event_handler.log_command:Invoking command in '/home/firefly/test_mysunny/src/camera_tis/build/camera_tis': CMAKE_PREFIX_PATH=/opt/ros/galactic /usr/bin/cmake --build /home/firefly/test_mysunny/src/camera_tis/build/camera_tis -- -j8 -l8
[15.664s] DEBUG:colcon.colcon_core.event_handler.log_command:Invoked command in '/home/firefly/test_mysunny/src/camera_tis/build/camera_tis' returned '0': CMAKE_PREFIX_PATH=/opt/ros/galactic /usr/bin/cmake --build /home/firefly/test_mysunny/src/camera_tis/build/camera_tis -- -j8 -l8
[15.856s] DEBUG:colcon.colcon_core.event_handler.log_command:Invoking command in '/home/firefly/test_mysunny/src/camera_tis/build/camera_tis': CMAKE_PREFIX_PATH=/opt/ros/galactic /usr/bin/cmake --install /home/firefly/test_mysunny/src/camera_tis/build/camera_tis
[15.943s] Level 1:colcon.colcon_core.environment:create_environment_scripts_only(camera_tis)
[15.992s] DEBUG:colcon.colcon_core.event_handler.log_command:Invoked command in '/home/firefly/test_mysunny/src/camera_tis/build/camera_tis' returned '0': CMAKE_PREFIX_PATH=/opt/ros/galactic /usr/bin/cmake --install /home/firefly/test_mysunny/src/camera_tis/build/camera_tis
[16.018s] Level 1:colcon.colcon_core.environment:checking '/home/firefly/test_mysunny/src/camera_tis/install/camera_tis' for CMake module files
[16.025s] Level 1:colcon.colcon_core.environment:checking '/home/firefly/test_mysunny/src/camera_tis/install/camera_tis' for CMake config files
[16.030s] Level 1:colcon.colcon_core.shell:create_environment_hook('camera_tis', 'cmake_prefix_path')
[16.044s] INFO:colcon.colcon_core.shell:Creating environment hook '/home/firefly/test_mysunny/src/camera_tis/install/camera_tis/share/camera_tis/hook/cmake_prefix_path.ps1'
[16.049s] INFO:colcon.colcon_core.shell:Creating environment descriptor '/home/firefly/test_mysunny/src/camera_tis/install/camera_tis/share/camera_tis/hook/cmake_prefix_path.dsv'
[16.052s] INFO:colcon.colcon_core.shell:Creating environment hook '/home/firefly/test_mysunny/src/camera_tis/install/camera_tis/share/camera_tis/hook/cmake_prefix_path.sh'
[16.058s] Level 1:colcon.colcon_core.environment:checking '/home/firefly/test_mysunny/src/camera_tis/install/camera_tis/lib'
[16.059s] Level 1:colcon.colcon_core.shell:create_environment_hook('camera_tis', 'ld_library_path_lib')
[16.070s] INFO:colcon.colcon_core.shell:Creating environment hook '/home/firefly/test_mysunny/src/camera_tis/install/camera_tis/share/camera_tis/hook/ld_library_path_lib.ps1'
[16.073s] INFO:colcon.colcon_core.shell:Creating environment descriptor '/home/firefly/test_mysunny/src/camera_tis/install/camera_tis/share/camera_tis/hook/ld_library_path_lib.dsv'
[16.074s] INFO:colcon.colcon_core.shell:Creating environment hook '/home/firefly/test_mysunny/src/camera_tis/install/camera_tis/share/camera_tis/hook/ld_library_path_lib.sh'
[16.077s] Level 1:colcon.colcon_core.environment:checking '/home/firefly/test_mysunny/src/camera_tis/install/camera_tis/bin'
[16.077s] Level 1:colcon.colcon_core.environment:checking '/home/firefly/test_mysunny/src/camera_tis/install/camera_tis/lib/pkgconfig/camera_tis.pc'
[16.078s] Level 1:colcon.colcon_core.environment:checking '/home/firefly/test_mysunny/src/camera_tis/install/camera_tis/lib/python3.8/site-packages'
[16.080s] Level 1:colcon.colcon_core.environment:checking '/home/firefly/test_mysunny/src/camera_tis/install/camera_tis/bin'
[16.089s] INFO:colcon.colcon_core.shell:Creating package script '/home/firefly/test_mysunny/src/camera_tis/install/camera_tis/share/camera_tis/package.ps1'
[16.094s] INFO:colcon.colcon_core.shell:Creating package descriptor '/home/firefly/test_mysunny/src/camera_tis/install/camera_tis/share/camera_tis/package.dsv'
[16.096s] INFO:colcon.colcon_core.shell:Creating package script '/home/firefly/test_mysunny/src/camera_tis/install/camera_tis/share/camera_tis/package.sh'
[16.098s] INFO:colcon.colcon_core.shell:Creating package script '/home/firefly/test_mysunny/src/camera_tis/install/camera_tis/share/camera_tis/package.bash'
[16.101s] INFO:colcon.colcon_core.shell:Creating package script '/home/firefly/test_mysunny/src/camera_tis/install/camera_tis/share/camera_tis/package.zsh'
[16.103s] Level 1:colcon.colcon_core.environment:create_file_with_runtime_dependencies(/home/firefly/test_mysunny/src/camera_tis/install/camera_tis/share/colcon-core/packages/camera_tis)
[16.344s] Level 1:colcon.colcon_core.environment:create_environment_scripts_only(camera_tis)
[16.366s] Level 1:colcon.colcon_core.environment:checking '/home/firefly/test_mysunny/src/camera_tis/install/camera_tis' for CMake module files
[16.372s] Level 1:colcon.colcon_core.environment:checking '/home/firefly/test_mysunny/src/camera_tis/install/camera_tis' for CMake config files
[16.376s] Level 1:colcon.colcon_core.shell:create_environment_hook('camera_tis', 'cmake_prefix_path')
[16.387s] INFO:colcon.colcon_core.shell:Creating environment hook '/home/firefly/test_mysunny/src/camera_tis/install/camera_tis/share/camera_tis/hook/cmake_prefix_path.ps1'
[16.390s] INFO:colcon.colcon_core.shell:Creating environment descriptor '/home/firefly/test_mysunny/src/camera_tis/install/camera_tis/share/camera_tis/hook/cmake_prefix_path.dsv'
[16.393s] INFO:colcon.colcon_core.shell:Creating environment hook '/home/firefly/test_mysunny/src/camera_tis/install/camera_tis/share/camera_tis/hook/cmake_prefix_path.sh'
[16.396s] Level 1:colcon.colcon_core.environment:checking '/home/firefly/test_mysunny/src/camera_tis/install/camera_tis/lib'
[16.396s] Level 1:colcon.colcon_core.shell:create_environment_hook('camera_tis', 'ld_library_path_lib')
[16.406s] INFO:colcon.colcon_core.shell:Creating environment hook '/home/firefly/test_mysunny/src/camera_tis/install/camera_tis/share/camera_tis/hook/ld_library_path_lib.ps1'
[16.408s] INFO:colcon.colcon_core.shell:Creating environment descriptor '/home/firefly/test_mysunny/src/camera_tis/install/camera_tis/share/camera_tis/hook/ld_library_path_lib.dsv'
[16.410s] INFO:colcon.colcon_core.shell:Creating environment hook '/home/firefly/test_mysunny/src/camera_tis/install/camera_tis/share/camera_tis/hook/ld_library_path_lib.sh'
[16.412s] Level 1:colcon.colcon_core.environment:checking '/home/firefly/test_mysunny/src/camera_tis/install/camera_tis/bin'
[16.412s] Level 1:colcon.colcon_core.environment:checking '/home/firefly/test_mysunny/src/camera_tis/install/camera_tis/lib/pkgconfig/camera_tis.pc'
[16.414s] Level 1:colcon.colcon_core.environment:checking '/home/firefly/test_mysunny/src/camera_tis/install/camera_tis/lib/python3.8/site-packages'
[16.415s] Level 1:colcon.colcon_core.environment:checking '/home/firefly/test_mysunny/src/camera_tis/install/camera_tis/bin'
[16.424s] INFO:colcon.colcon_core.shell:Creating package script '/home/firefly/test_mysunny/src/camera_tis/install/camera_tis/share/camera_tis/package.ps1'
[16.428s] INFO:colcon.colcon_core.shell:Creating package descriptor '/home/firefly/test_mysunny/src/camera_tis/install/camera_tis/share/camera_tis/package.dsv'
[16.431s] INFO:colcon.colcon_core.shell:Creating package script '/home/firefly/test_mysunny/src/camera_tis/install/camera_tis/share/camera_tis/package.sh'
[16.433s] INFO:colcon.colcon_core.shell:Creating package script '/home/firefly/test_mysunny/src/camera_tis/install/camera_tis/share/camera_tis/package.bash'
[16.436s] INFO:colcon.colcon_core.shell:Creating package script '/home/firefly/test_mysunny/src/camera_tis/install/camera_tis/share/camera_tis/package.zsh'
[16.438s] Level 1:colcon.colcon_core.environment:create_file_with_runtime_dependencies(/home/firefly/test_mysunny/src/camera_tis/install/camera_tis/share/colcon-core/packages/camera_tis)
[16.440s] DEBUG:colcon.colcon_parallel_executor.executor.parallel:closing loop
[16.441s] DEBUG:colcon.colcon_parallel_executor.executor.parallel:loop closed
[16.441s] DEBUG:colcon.colcon_parallel_executor.executor.parallel:run_until_complete finished with '0'
[16.441s] DEBUG:colcon.colcon_core.event_reactor:joining thread
[16.505s] INFO:colcon.colcon_core.plugin_system:Skipping extension 'colcon_notification.desktop_notification.terminal_notifier': Not used on non-Darwin systems
[16.506s] INFO:colcon.colcon_core.plugin_system:Skipping extension 'colcon_notification.desktop_notification.win32': Not used on non-Windows systems
[16.506s] INFO:colcon.colcon_notification.desktop_notification:Sending desktop notification using 'notify2'
[16.572s] DEBUG:colcon.colcon_core.event_reactor:joined thread
[16.583s] INFO:colcon.colcon_core.shell:Creating prefix script '/home/firefly/test_mysunny/src/camera_tis/install/local_setup.ps1'
[16.590s] INFO:colcon.colcon_core.shell:Creating prefix util module '/home/firefly/test_mysunny/src/camera_tis/install/_local_setup_util_ps1.py'
[16.599s] INFO:colcon.colcon_core.shell:Creating prefix chain script '/home/firefly/test_mysunny/src/camera_tis/install/setup.ps1'
[16.605s] INFO:colcon.colcon_core.shell:Creating prefix script '/home/firefly/test_mysunny/src/camera_tis/install/local_setup.sh'
[16.608s] INFO:colcon.colcon_core.shell:Creating prefix util module '/home/firefly/test_mysunny/src/camera_tis/install/_local_setup_util_sh.py'
[16.610s] INFO:colcon.colcon_core.shell:Creating prefix chain script '/home/firefly/test_mysunny/src/camera_tis/install/setup.sh'
[16.617s] INFO:colcon.colcon_core.shell:Creating prefix script '/home/firefly/test_mysunny/src/camera_tis/install/local_setup.bash'
[16.618s] INFO:colcon.colcon_core.shell:Creating prefix chain script '/home/firefly/test_mysunny/src/camera_tis/install/setup.bash'
[16.623s] INFO:colcon.colcon_core.shell:Creating prefix script '/home/firefly/test_mysunny/src/camera_tis/install/local_setup.zsh'
[16.624s] INFO:colcon.colcon_core.shell:Creating prefix chain script '/home/firefly/test_mysunny/src/camera_tis/install/setup.zsh'
