[0.022s] Invoking command in '/home/yj/camera_tis/build/camera_tis': /usr/bin/cmake /home/yj/camera_tis -DCMAKE_INSTALL_PREFIX=/home/yj/camera_tis/install/camera_tis
[0.394s] -- The C compiler identification is GNU 9.4.0
[0.537s] -- The CXX compiler identification is GNU 9.4.0
[0.547s] -- Check for working C compiler: /usr/bin/cc
[0.711s] -- Check for working C compiler: /usr/bin/cc -- works
[0.714s] -- Detecting C compiler ABI info
[0.879s] -- Detecting C compiler ABI info - done
[0.903s] -- Detecting C compile features
[0.904s] -- Detecting C compile features - done
[0.909s] -- Check for working CXX compiler: /usr/bin/c++
[1.093s] -- Check for working CXX compiler: /usr/bin/c++ -- works
[1.095s] -- Detecting CXX compiler ABI info
[1.280s] -- Detecting CXX compiler ABI info - done
[1.305s] -- Detecting CXX compile features
[1.306s] -- Detecting CXX compile features - done
[1.321s] CMake Error at CMakeLists.txt:19 (find_package):
[1.321s]   By not providing "Findament_cmake.cmake" in CMAKE_MODULE_PATH this project
[1.321s]   has asked CMake to find a package configuration file provided by
[1.321s]   "ament_cmake", but CMake did not find one.
[1.321s] 
[1.321s]   Could not find a package configuration file provided by "ament_cmake" with
[1.321s]   any of the following names:
[1.322s] 
[1.322s]     ament_cmakeConfig.cmake
[1.322s]     ament_cmake-config.cmake
[1.322s] 
[1.322s]   Add the installation prefix of "ament_cmake" to CMAKE_PREFIX_PATH or set
[1.322s]   "ament_cmake_DIR" to a directory containing one of the above files.  If
[1.322s]   "ament_cmake" provides a separate development package or SDK, be sure it
[1.322s]   has been installed.
[1.323s] 
[1.323s] 
[1.323s] -- Configuring incomplete, errors occurred!
[1.323s] See also "/home/yj/camera_tis/build/camera_tis/CMakeFiles/CMakeOutput.log".
[1.326s] Invoked command in '/home/yj/camera_tis/build/camera_tis' returned '1': /usr/bin/cmake /home/yj/camera_tis -DCMAKE_INSTALL_PREFIX=/home/yj/camera_tis/install/camera_tis
