[0.029s] Invoking command in '/home/firefly/test_mysunny/src/camera_tis/build/camera_tis': CMAKE_PREFIX_PATH=/opt/ros/galactic /usr/bin/cmake /home/firefly/test_mysunny/src/camera_tis -DCMAKE_INSTALL_PREFIX=/home/firefly/test_mysunny/src/camera_tis/install/camera_tis
[0.116s] -- Found ament_cmake: 1.1.6 (/opt/ros/galactic/share/ament_cmake/cmake)
[0.194s] -- Using PYTHON_EXECUTABLE: /usr/bin/python3
[0.382s] -- Found rclcpp: 9.2.2 (/opt/ros/galactic/share/rclcpp/cmake)
[0.441s] -- Using all available rosidl_typesupport_c: rosidl_typesupport_fastrtps_c;rosidl_typesupport_introspection_c
[0.445s] -- Found rosidl_adapter: 2.2.3 (/opt/ros/galactic/share/rosidl_adapter/cmake)
[0.751s] -- Using all available rosidl_typesupport_cpp: rosidl_typesupport_fastrtps_cpp;rosidl_typesupport_introspection_cpp
[0.830s] -- Found rmw_implementation_cmake: 3.3.1 (/opt/ros/galactic/share/rmw_implementation_cmake/cmake)
[0.832s] -- Found rmw_cyclonedds_cpp: 0.22.6 (/opt/ros/galactic/share/rmw_cyclonedds_cpp/cmake)
[0.857s] -- Using RMW implementation 'rmw_cyclonedds_cpp' as default
[1.056s] -- Found rclcpp_components: 9.2.2 (/opt/ros/galactic/share/rclcpp_components/cmake)
[1.128s] -- Found sensor_msgs: 2.2.4 (/opt/ros/galactic/share/sensor_msgs/cmake)
[1.312s] -- Checking for module 'libmodbus'
[1.390s] --   Found libmodbus, version 3.1.6
[1.610s] -- Found ament_lint_auto: 0.10.7 (/opt/ros/galactic/share/ament_lint_auto/cmake)
[1.872s] -- Added test 'copyright' to check source files copyright and LICENSE
[1.928s] -- Added test 'cppcheck' to perform static code analysis on C / C++ code
[1.929s] -- Configured cppcheck include dirs: $<BUILD_INTERFACE:/home/firefly/test_mysunny/src/camera_tis/include>
[1.930s] -- Configured cppcheck exclude dirs and/or files: 
[1.968s] -- Added test 'cpplint' to check C / C++ code against the Google style
[1.969s] -- Configured cpplint exclude dirs and/or files: 
[1.973s] -- Added test 'flake8' to check Python code syntax and style conventions
[1.983s] -- Added test 'lint_cmake' to check CMake code style
[1.988s] -- Added test 'pep257' to check Python code against some of the style conventions in PEP 257
[2.017s] -- Added test 'uncrustify' to check C / C++ code style
[2.018s] -- Configured uncrustify additional arguments: 
[2.023s] -- Added test 'xmllint' to check XML markup files
[2.033s] -- Configuring done
[2.068s] -- Generating done
[2.071s] -- Build files have been written to: /home/firefly/test_mysunny/src/camera_tis/build/camera_tis
[2.090s] Invoked command in '/home/firefly/test_mysunny/src/camera_tis/build/camera_tis' returned '0': CMAKE_PREFIX_PATH=/opt/ros/galactic /usr/bin/cmake /home/firefly/test_mysunny/src/camera_tis -DCMAKE_INSTALL_PREFIX=/home/firefly/test_mysunny/src/camera_tis/install/camera_tis
[2.102s] Invoking command in '/home/firefly/test_mysunny/src/camera_tis/build/camera_tis': CMAKE_PREFIX_PATH=/opt/ros/galactic /usr/bin/cmake --build /home/firefly/test_mysunny/src/camera_tis/build/camera_tis -- -j8 -l8
[2.311s] [35m[1mScanning dependencies of target camera_tis_node[0m
[2.316s] [35m[1mScanning dependencies of target camera_tis[0m
[2.482s] [ 16%] [32mBuilding CXX object CMakeFiles/camera_tis_node.dir/rclcpp_components/node_main_camera_tis_node.cpp.o[0m
[2.506s] [ 50%] [32mBuilding CXX object CMakeFiles/camera_tis.dir/src/camera_tis.cpp.o[0m
[2.507s] [ 50%] [32mBuilding CXX object CMakeFiles/camera_tis.dir/src/FileOut.cpp.o[0m
[2.507s] [ 66%] [32mBuilding CXX object CMakeFiles/camera_tis.dir/src/E2camData.cpp.o[0m
[3.063s] In file included from [01m[K/home/firefly/test_mysunny/src/camera_tis/src/E2camData.cpp:1[m[K:
[3.064s] [01m[K/home/firefly/test_mysunny/src/camera_tis/src/E2camData.cpp:[m[K In member function ‘[01m[Kvoid E2proomData::read_para()[m[K’:
[3.065s] [01m[K/home/firefly/test_mysunny/src/camera_tis/include/fileout/E2camData.h:13:37:[m[K [01;35m[Kwarning: [m[KISO C++ forbids converting a string constant to ‘[01m[Kchar*[m[K’ [[01;35m[K-Wwrite-strings[m[K]
[3.066s]    13 | #define E2POOM_CAMER_SYSPATH_MOTO   [01;35m[K"./SAVE/E2P_CAMER_DLG.bsd"[m[K
[3.067s]       |                                     [01;35m[K^~~~~~~~~~~~~~~~~~~~~~~~~~[m[K
[3.067s] [01m[K/home/firefly/test_mysunny/src/camera_tis/src/E2camData.cpp:66:24:[m[K [01;36m[Knote: [m[Kin expansion of macro ‘[01m[KE2POOM_CAMER_SYSPATH_MOTO[m[K’
[3.068s]    66 |     if(0 > fo.ReadFile([01;36m[KE2POOM_CAMER_SYSPATH_MOTO[m[K,buff,E2POOM_CAMER_SAVEBUFF))
[3.069s]       |                        [01;36m[K^~~~~~~~~~~~~~~~~~~~~~~~~[m[K
[3.069s] [01m[K/home/firefly/test_mysunny/src/camera_tis/src/E2camData.cpp:[m[K In member function ‘[01m[Kvoid E2proomData::write_camer_para()[m[K’:
[3.069s] [01m[K/home/firefly/test_mysunny/src/camera_tis/include/fileout/E2camData.h:13:37:[m[K [01;35m[Kwarning: [m[KISO C++ forbids converting a string constant to ‘[01m[Kchar*[m[K’ [[01;35m[K-Wwrite-strings[m[K]
[3.070s]    13 | #define E2POOM_CAMER_SYSPATH_MOTO   [01;35m[K"./SAVE/E2P_CAMER_DLG.bsd"[m[K
[3.070s]       |                                     [01;35m[K^~~~~~~~~~~~~~~~~~~~~~~~~~[m[K
[3.071s] [01m[K/home/firefly/test_mysunny/src/camera_tis/src/E2camData.cpp:125:18:[m[K [01;36m[Knote: [m[Kin expansion of macro ‘[01m[KE2POOM_CAMER_SYSPATH_MOTO[m[K’
[3.071s]   125 |     fo.WriteFile([01;36m[KE2POOM_CAMER_SYSPATH_MOTO[m[K,buff,E2POOM_CAMER_SAVEBUFF);
[3.072s]       |                  [01;36m[K^~~~~~~~~~~~~~~~~~~~~~~~~[m[K
[7.930s] [ 83%] [32m[1mLinking CXX executable camera_tis_node[0m
[8.385s] [ 83%] Built target camera_tis_node
[8.569s] [01m[K/home/firefly/test_mysunny/src/camera_tis/src/camera_tis.cpp:[m[K In member function ‘[01m[Kvoid camera_tis::CameraTis::_modbus(int)[m[K’:
[8.570s] [01m[K/home/firefly/test_mysunny/src/camera_tis/src/camera_tis.cpp:232:29:[m[K [01;35m[Kwarning: [m[Kunused parameter ‘[01m[Kport[m[K’ [[01;35m[K-Wunused-parameter[m[K]
[8.570s]   232 | void CameraTis::_modbus([01;35m[Kint port[m[K)
[8.571s]       |                         [01;35m[K~~~~^~~~[m[K
[8.588s] [01m[K/home/firefly/test_mysunny/src/camera_tis/src/camera_tis.cpp:[m[K In member function ‘[01m[Kint camera_tis::CameraTis::_set_power(bool)[m[K’:
[8.589s] [01m[K/home/firefly/test_mysunny/src/camera_tis/src/camera_tis.cpp:371:32:[m[K [01;35m[Kwarning: [m[Kunused parameter ‘[01m[Kp[m[K’ [[01;35m[K-Wunused-parameter[m[K]
[8.589s]   371 | int CameraTis::_set_power([01;35m[Kbool p[m[K)
[8.590s]       |                           [01;35m[K~~~~~^[m[K
[8.590s] [01m[K/home/firefly/test_mysunny/src/camera_tis/src/camera_tis.cpp:[m[K In member function ‘[01m[Kint camera_tis::CameraTis::_set_exposure(int)[m[K’:
[8.590s] [01m[K/home/firefly/test_mysunny/src/camera_tis/src/camera_tis.cpp:377:34:[m[K [01;35m[Kwarning: [m[Kunused parameter ‘[01m[Ke[m[K’ [[01;35m[K-Wunused-parameter[m[K]
[8.591s]   377 | int CameraTis::_set_exposure([01;35m[Kint e[m[K)
[8.591s]       |                              [01;35m[K~~~~^[m[K
[14.095s] [100%] [32m[1mLinking CXX shared library libcamera_tis.so[0m
[14.840s] [100%] Built target camera_tis
[14.869s] Invoked command in '/home/firefly/test_mysunny/src/camera_tis/build/camera_tis' returned '0': CMAKE_PREFIX_PATH=/opt/ros/galactic /usr/bin/cmake --build /home/firefly/test_mysunny/src/camera_tis/build/camera_tis -- -j8 -l8
[15.060s] Invoking command in '/home/firefly/test_mysunny/src/camera_tis/build/camera_tis': CMAKE_PREFIX_PATH=/opt/ros/galactic /usr/bin/cmake --install /home/firefly/test_mysunny/src/camera_tis/build/camera_tis
[15.113s] -- Install configuration: ""
[15.115s] -- Installing: /home/firefly/test_mysunny/src/camera_tis/install/camera_tis/lib/camera_tis/camera_tis_node
[15.116s] -- Set runtime path of "/home/firefly/test_mysunny/src/camera_tis/install/camera_tis/lib/camera_tis/camera_tis_node" to ""
[15.118s] -- Installing: /home/firefly/test_mysunny/src/camera_tis/install/camera_tis/lib/libcamera_tis.so
[15.126s] -- Set runtime path of "/home/firefly/test_mysunny/src/camera_tis/install/camera_tis/lib/libcamera_tis.so" to ""
[15.128s] -- Up-to-date: /home/firefly/test_mysunny/src/camera_tis/install/camera_tis/include
[15.129s] -- Up-to-date: /home/firefly/test_mysunny/src/camera_tis/install/camera_tis/include/camera_tis
[15.131s] -- Up-to-date: /home/firefly/test_mysunny/src/camera_tis/install/camera_tis/include/camera_tis/camera_tis.hpp
[15.132s] -- Up-to-date: /home/firefly/test_mysunny/src/camera_tis/install/camera_tis/include/fileout
[15.134s] -- Up-to-date: /home/firefly/test_mysunny/src/camera_tis/install/camera_tis/include/fileout/tistdtypes.h
[15.135s] -- Up-to-date: /home/firefly/test_mysunny/src/camera_tis/install/camera_tis/include/fileout/FileOut.h
[15.137s] -- Up-to-date: /home/firefly/test_mysunny/src/camera_tis/install/camera_tis/include/fileout/E2camData.h
[15.138s] -- Up-to-date: /home/firefly/test_mysunny/src/camera_tis/install/camera_tis/share/camera_tis/launch
[15.139s] -- Up-to-date: /home/firefly/test_mysunny/src/camera_tis/install/camera_tis/share/camera_tis/launch/main.launch.py
[15.139s] -- Up-to-date: /home/firefly/test_mysunny/src/camera_tis/install/camera_tis/share/camera_tis/config
[15.140s] -- Up-to-date: /home/firefly/test_mysunny/src/camera_tis/install/camera_tis/share/camera_tis/config/params.yaml
[15.142s] -- Installing: /home/firefly/test_mysunny/src/camera_tis/install/camera_tis/share/camera_tis/environment/library_path.sh
[15.144s] -- Installing: /home/firefly/test_mysunny/src/camera_tis/install/camera_tis/share/camera_tis/environment/library_path.dsv
[15.147s] -- Installing: /home/firefly/test_mysunny/src/camera_tis/install/camera_tis/share/ament_index/resource_index/package_run_dependencies/camera_tis
[15.154s] -- Installing: /home/firefly/test_mysunny/src/camera_tis/install/camera_tis/share/ament_index/resource_index/parent_prefix_path/camera_tis
[15.165s] -- Installing: /home/firefly/test_mysunny/src/camera_tis/install/camera_tis/share/camera_tis/environment/ament_prefix_path.sh
[15.169s] -- Installing: /home/firefly/test_mysunny/src/camera_tis/install/camera_tis/share/camera_tis/environment/ament_prefix_path.dsv
[15.170s] -- Installing: /home/firefly/test_mysunny/src/camera_tis/install/camera_tis/share/camera_tis/environment/path.sh
[15.171s] -- Installing: /home/firefly/test_mysunny/src/camera_tis/install/camera_tis/share/camera_tis/environment/path.dsv
[15.173s] -- Installing: /home/firefly/test_mysunny/src/camera_tis/install/camera_tis/share/camera_tis/local_setup.bash
[15.174s] -- Installing: /home/firefly/test_mysunny/src/camera_tis/install/camera_tis/share/camera_tis/local_setup.sh
[15.176s] -- Installing: /home/firefly/test_mysunny/src/camera_tis/install/camera_tis/share/camera_tis/local_setup.zsh
[15.177s] -- Installing: /home/firefly/test_mysunny/src/camera_tis/install/camera_tis/share/camera_tis/local_setup.dsv
[15.183s] -- Installing: /home/firefly/test_mysunny/src/camera_tis/install/camera_tis/share/camera_tis/package.dsv
[15.184s] -- Installing: /home/firefly/test_mysunny/src/camera_tis/install/camera_tis/share/ament_index/resource_index/packages/camera_tis
[15.186s] -- Installing: /home/firefly/test_mysunny/src/camera_tis/install/camera_tis/share/ament_index/resource_index/rclcpp_components/camera_tis
[15.187s] -- Installing: /home/firefly/test_mysunny/src/camera_tis/install/camera_tis/share/camera_tis/cmake/export_camera_tisExport.cmake
[15.189s] -- Installing: /home/firefly/test_mysunny/src/camera_tis/install/camera_tis/share/camera_tis/cmake/export_camera_tisExport-noconfig.cmake
[15.190s] -- Installing: /home/firefly/test_mysunny/src/camera_tis/install/camera_tis/share/camera_tis/cmake/ament_cmake_export_targets-extras.cmake
[15.192s] -- Installing: /home/firefly/test_mysunny/src/camera_tis/install/camera_tis/share/camera_tis/cmake/camera_tisConfig.cmake
[15.193s] -- Installing: /home/firefly/test_mysunny/src/camera_tis/install/camera_tis/share/camera_tis/cmake/camera_tisConfig-version.cmake
[15.194s] -- Up-to-date: /home/firefly/test_mysunny/src/camera_tis/install/camera_tis/share/camera_tis/package.xml
[15.196s] Invoked command in '/home/firefly/test_mysunny/src/camera_tis/build/camera_tis' returned '0': CMAKE_PREFIX_PATH=/opt/ros/galactic /usr/bin/cmake --install /home/firefly/test_mysunny/src/camera_tis/build/camera_tis
