[0.524s] DEBUG:colcon:Command line arguments: ['/usr/bin/colcon', 'build']
[0.524s] DEBUG:colcon:Parsed command line arguments: Namespace(allow_overriding=[], ament_cmake_args=None, base_paths=['.'], build_base='build', catkin_cmake_args=None, catkin_skip_building_tests=False, cmake_args=None, cmake_clean_cache=False, cmake_clean_first=False, cmake_force_configure=False, cmake_target=None, cmake_target_skip_unavailable=False, continue_on_error=False, event_handlers=None, executor='parallel', ignore_user_meta=False, install_base='install', log_base=None, log_level=None, main=<bound method BuildVerb.main of <colcon_core.verb.build.BuildVerb object at 0x7f1b7dd6f940>>, merge_install=False, metas=['./colcon.meta'], packages_above=None, packages_above_and_dependencies=None, packages_above_depth=None, packages_end=None, packages_ignore=None, packages_ignore_regex=None, packages_select=None, packages_select_build_failed=False, packages_select_by_dep=None, packages_select_regex=None, packages_select_test_failures=False, packages_skip=None, packages_skip_build_finished=False, packages_skip_by_dep=None, packages_skip_regex=None, packages_skip_test_passed=False, packages_skip_up_to=None, packages_start=None, packages_up_to=None, packages_up_to_regex=None, parallel_workers=16, paths=None, symlink_install=False, test_result_base=None, verb_extension=<colcon_core.verb.build.BuildVerb object at 0x7f1b7dd6f940>, verb_name='build', verb_parser=<colcon_defaults.argument_parser.defaults.DefaultArgumentsDecorator object at 0x7f1b7dd6feb0>)
[0.577s] Level 1:colcon.colcon_core.package_discovery:discover_packages(colcon_meta) check parameters
[0.577s] Level 1:colcon.colcon_core.package_discovery:discover_packages(recursive) check parameters
[0.577s] Level 1:colcon.colcon_core.package_discovery:discover_packages(ignore) check parameters
[0.577s] Level 1:colcon.colcon_core.package_discovery:discover_packages(path) check parameters
[0.577s] Level 1:colcon.colcon_core.package_discovery:discover_packages(colcon_meta) discover
[0.578s] Level 1:colcon.colcon_core.package_discovery:discover_packages(recursive) discover
[0.578s] INFO:colcon.colcon_core.package_discovery:Crawling recursively for packages in '/home/yj/camera_tis'
[0.578s] Level 1:colcon.colcon_core.package_identification:_identify(.) by extensions ['ignore', 'ignore_ament_install']
[0.578s] Level 1:colcon.colcon_core.package_identification:_identify(.) by extension 'ignore'
[0.578s] Level 1:colcon.colcon_core.package_identification:_identify(.) by extension 'ignore_ament_install'
[0.578s] Level 1:colcon.colcon_core.package_identification:_identify(.) by extensions ['colcon_pkg']
[0.578s] Level 1:colcon.colcon_core.package_identification:_identify(.) by extension 'colcon_pkg'
[0.579s] Level 1:colcon.colcon_core.package_identification:_identify(.) by extensions ['colcon_meta']
[0.579s] Level 1:colcon.colcon_core.package_identification:_identify(.) by extension 'colcon_meta'
[0.579s] Level 1:colcon.colcon_core.package_identification:_identify(.) by extensions ['ros']
[0.579s] Level 1:colcon.colcon_core.package_identification:_identify(.) by extension 'ros'
[0.620s] DEBUG:colcon.colcon_core.package_identification:Package '.' with type 'ros.ament_cmake' and name 'camera_tis'
[0.620s] Level 1:colcon.colcon_core.package_discovery:discover_packages(recursive) using defaults
[0.620s] Level 1:colcon.colcon_core.package_discovery:discover_packages(ignore) discover
[0.620s] Level 1:colcon.colcon_core.package_discovery:discover_packages(ignore) using defaults
[0.621s] Level 1:colcon.colcon_core.package_discovery:discover_packages(path) discover
[0.621s] Level 1:colcon.colcon_core.package_discovery:discover_packages(path) using defaults
[0.655s] Level 1:colcon.colcon_core.package_discovery:discover_packages(prefix_path) check parameters
[0.656s] Level 1:colcon.colcon_core.package_discovery:discover_packages(prefix_path) discover
[0.658s] Level 1:colcon.colcon_core.package_discovery:discover_packages(prefix_path) using defaults
[0.661s] Level 5:colcon.colcon_core.verb:set package 'camera_tis' build argument 'cmake_args' from command line to 'None'
[0.661s] Level 5:colcon.colcon_core.verb:set package 'camera_tis' build argument 'cmake_target' from command line to 'None'
[0.661s] Level 5:colcon.colcon_core.verb:set package 'camera_tis' build argument 'cmake_target_skip_unavailable' from command line to 'False'
[0.661s] Level 5:colcon.colcon_core.verb:set package 'camera_tis' build argument 'cmake_clean_cache' from command line to 'False'
[0.661s] Level 5:colcon.colcon_core.verb:set package 'camera_tis' build argument 'cmake_clean_first' from command line to 'False'
[0.661s] Level 5:colcon.colcon_core.verb:set package 'camera_tis' build argument 'cmake_force_configure' from command line to 'False'
[0.661s] Level 5:colcon.colcon_core.verb:set package 'camera_tis' build argument 'ament_cmake_args' from command line to 'None'
[0.661s] Level 5:colcon.colcon_core.verb:set package 'camera_tis' build argument 'catkin_cmake_args' from command line to 'None'
[0.661s] Level 5:colcon.colcon_core.verb:set package 'camera_tis' build argument 'catkin_skip_building_tests' from command line to 'False'
[0.661s] DEBUG:colcon.colcon_core.verb:Building package 'camera_tis' with the following arguments: {'ament_cmake_args': None, 'build_base': '/home/yj/camera_tis/build/camera_tis', 'catkin_cmake_args': None, 'catkin_skip_building_tests': False, 'cmake_args': None, 'cmake_clean_cache': False, 'cmake_clean_first': False, 'cmake_force_configure': False, 'cmake_target': None, 'cmake_target_skip_unavailable': False, 'install_base': '/home/yj/camera_tis/install/camera_tis', 'merge_install': False, 'path': '/home/yj/camera_tis', 'symlink_install': False, 'test_result_base': None}
[0.662s] INFO:colcon.colcon_core.executor:Executing jobs using 'parallel' executor
[0.669s] DEBUG:colcon.colcon_parallel_executor.executor.parallel:run_until_complete
[0.670s] INFO:colcon.colcon_ros.task.ament_cmake.build:Building ROS package in '/home/yj/camera_tis' with build type 'ament_cmake'
[0.670s] INFO:colcon.colcon_cmake.task.cmake.build:Building CMake package in '/home/yj/camera_tis'
[0.679s] INFO:colcon.colcon_core.plugin_system:Skipping extension 'colcon_core.shell.bat': Not used on non-Windows systems
[0.680s] INFO:colcon.colcon_core.shell:Skip shell extension 'powershell' for command environment: Not usable outside of PowerShell
[0.680s] DEBUG:colcon.colcon_core.shell:Skip shell extension 'dsv' for command environment
[0.698s] DEBUG:colcon.colcon_core.event_handler.log_command:Invoking command in '/home/yj/camera_tis/build/camera_tis': /usr/bin/cmake --build /home/yj/camera_tis/build/camera_tis -- -j16 -l16
[9.501s] DEBUG:colcon.colcon_core.event_handler.log_command:Invoked command in '/home/yj/camera_tis/build/camera_tis' returned '2': /usr/bin/cmake --build /home/yj/camera_tis/build/camera_tis -- -j16 -l16
[9.602s] Level 1:colcon.colcon_core.environment:create_environment_scripts_only(camera_tis)
[9.613s] Level 1:colcon.colcon_core.environment:checking '/home/yj/camera_tis/install/camera_tis' for CMake module files
[9.614s] Level 1:colcon.colcon_core.environment:checking '/home/yj/camera_tis/install/camera_tis' for CMake config files
[9.615s] Level 1:colcon.colcon_core.environment:checking '/home/yj/camera_tis/install/camera_tis/bin'
[9.615s] Level 1:colcon.colcon_core.environment:checking '/home/yj/camera_tis/install/camera_tis/lib/pkgconfig/camera_tis.pc'
[9.617s] Level 1:colcon.colcon_core.environment:checking '/home/yj/camera_tis/install/camera_tis/lib/python3.8/site-packages'
[9.618s] Level 1:colcon.colcon_core.environment:checking '/home/yj/camera_tis/install/camera_tis/bin'
[9.620s] INFO:colcon.colcon_core.shell:Creating package script '/home/yj/camera_tis/install/camera_tis/share/camera_tis/package.ps1'
[9.623s] INFO:colcon.colcon_core.shell:Creating package descriptor '/home/yj/camera_tis/install/camera_tis/share/camera_tis/package.dsv'
[9.624s] INFO:colcon.colcon_core.shell:Creating package script '/home/yj/camera_tis/install/camera_tis/share/camera_tis/package.sh'
[9.626s] INFO:colcon.colcon_core.shell:Creating package script '/home/yj/camera_tis/install/camera_tis/share/camera_tis/package.bash'
[9.628s] INFO:colcon.colcon_core.shell:Creating package script '/home/yj/camera_tis/install/camera_tis/share/camera_tis/package.zsh'
[9.630s] Level 1:colcon.colcon_core.environment:create_file_with_runtime_dependencies(/home/yj/camera_tis/install/camera_tis/share/colcon-core/packages/camera_tis)
[9.642s] DEBUG:colcon.colcon_parallel_executor.executor.parallel:closing loop
[9.643s] DEBUG:colcon.colcon_parallel_executor.executor.parallel:loop closed
[9.643s] DEBUG:colcon.colcon_parallel_executor.executor.parallel:run_until_complete finished with '2'
[9.643s] DEBUG:colcon.colcon_core.event_reactor:joining thread
[9.654s] INFO:colcon.colcon_core.plugin_system:Skipping extension 'colcon_notification.desktop_notification.terminal_notifier': Not used on non-Darwin systems
[9.655s] INFO:colcon.colcon_core.plugin_system:Skipping extension 'colcon_notification.desktop_notification.win32': Not used on non-Windows systems
[9.655s] INFO:colcon.colcon_notification.desktop_notification:Sending desktop notification using 'notify2'
[9.703s] DEBUG:colcon.colcon_core.event_reactor:joined thread
[9.706s] INFO:colcon.colcon_core.shell:Creating prefix script '/home/yj/camera_tis/install/local_setup.ps1'
[9.708s] INFO:colcon.colcon_core.shell:Creating prefix util module '/home/yj/camera_tis/install/_local_setup_util_ps1.py'
[9.711s] INFO:colcon.colcon_core.shell:Creating prefix chain script '/home/yj/camera_tis/install/setup.ps1'
[9.714s] INFO:colcon.colcon_core.shell:Creating prefix script '/home/yj/camera_tis/install/local_setup.sh'
[9.715s] INFO:colcon.colcon_core.shell:Creating prefix util module '/home/yj/camera_tis/install/_local_setup_util_sh.py'
[9.716s] INFO:colcon.colcon_core.shell:Creating prefix chain script '/home/yj/camera_tis/install/setup.sh'
[9.719s] INFO:colcon.colcon_core.shell:Creating prefix script '/home/yj/camera_tis/install/local_setup.bash'
[9.720s] INFO:colcon.colcon_core.shell:Creating prefix chain script '/home/yj/camera_tis/install/setup.bash'
[9.722s] INFO:colcon.colcon_core.shell:Creating prefix script '/home/yj/camera_tis/install/local_setup.zsh'
[9.723s] INFO:colcon.colcon_core.shell:Creating prefix chain script '/home/yj/camera_tis/install/setup.zsh'
